<?xml version="1.0" encoding="UTF-8"?>
<testng-results ignored="0" total="2" passed="2" failed="0" skipped="0">
  <reporter-output>
  </reporter-output>
  <suite started-at="2023-07-19T06:22:16Z" name="Suite" finished-at="2023-07-19T06:22:44Z" duration-ms="27283">
    <groups>
    </groups>
    <test started-at="2023-07-19T06:22:16Z" name="Test" finished-at="2023-07-19T06:22:44Z" duration-ms="27283">
      <class name="Facebooktest_Class.LoginTest_Class">
        <test-method is-config="true" signature="initBrowser()[pri:0, instance:Facebooktest_Class.LoginTest_Class@5ddcc487]" started-at="2023-07-19T06:22:13Z" name="initBrowser" finished-at="2023-07-19T06:22:16Z" duration-ms="3467" status="PASS">
          <reporter-output>
          </reporter-output>
        </test-method> <!-- initBrowser -->
        <test-method is-config="true" signature="createobject()[pri:0, instance:Facebooktest_Class.LoginTest_Class@5ddcc487]" started-at="2023-07-19T06:22:16Z" name="createobject" finished-at="2023-07-19T06:22:16Z" duration-ms="39" status="PASS">
          <reporter-output>
          </reporter-output>
        </test-method> <!-- createobject -->
        <test-method signature="loginWithInvalidCredentials()[pri:1, instance:Facebooktest_Class.LoginTest_Class@5ddcc487]" started-at="2023-07-19T06:22:16Z" name="loginWithInvalidCredentials" finished-at="2023-07-19T06:22:19Z" duration-ms="2339" status="PASS">
          <reporter-output>
          </reporter-output>
        </test-method> <!-- loginWithInvalidCredentials -->
        <test-method signature="postmsg()[pri:2, instance:Facebooktest_Class.LoginTest_Class@5ddcc487]" started-at="2023-07-19T06:22:19Z" name="postmsg" finished-at="2023-07-19T06:22:44Z" duration-ms="24885" status="PASS">
          <reporter-output>
          </reporter-output>
        </test-method> <!-- postmsg -->
      </class> <!-- Facebooktest_Class.LoginTest_Class -->
    </test> <!-- Test -->
  </suite> <!-- Suite -->
</testng-results>
